<?xml version="1.0" encoding="UTF-8"?>
<!-- Generated by org.testng.reporters.JUnitReportReporter -->
<testsuite hostname="inbl01lap04326" failures="0" tests="1" name="com.learning.testCases.VerifyUpdatePlaceAPI" time="7.993" errors="0" timestamp="2021-06-08T19:54:03 IST" skipped="0">
  <testcase classname="com.learning.testCases.VerifyUpdatePlaceAPI" name="updatePlaceWithValidPlaceID" time="7.993"/>
  <system-out/>
</testsuite> <!-- com.learning.testCases.VerifyUpdatePlaceAPI -->
