<?xml version="1.0" encoding="UTF-8"?>
<!-- Generated by org.testng.reporters.JUnitReportReporter -->
<testsuite hostname="inbl01lap04326" failures="0" tests="1" name="com.learning.testCases.VerifyAddPlaceAPI" time="2.275" errors="0" timestamp="2021-06-08T15:17:07 IST" skipped="0">
  <testcase classname="com.learning.testCases.VerifyAddPlaceAPI" name="addingPlaceUsingJsonFile" time="2.275"/>
  <system-out/>
</testsuite> <!-- com.learning.testCases.VerifyAddPlaceAPI -->
