<?xml version="1.0" encoding="UTF-8"?>
<!-- Generated by org.testng.reporters.JUnitReportReporter -->
<testsuite hostname="inbl01lap04326" failures="0" tests="1" name="com.learning.testCases.VerifyGetPlaceAPITest" time="5.319" errors="0" timestamp="2021-06-08T19:54:03 IST" skipped="0">
  <testcase classname="com.learning.testCases.VerifyGetPlaceAPITest" name="getplaceWithValidPlaceID" time="5.319"/>
  <system-out/>
</testsuite> <!-- com.learning.testCases.VerifyGetPlaceAPITest -->
